16593
20459
2361
28358
14009
24018
12050
29719
19605
21749
10981
13247
20906
15884
16435
25330
28566
18999
27650
20963
9114
11592
4390
3053
21516
30398
13416
25008
4152
12774
22520
21291
19809
6698
28744
24994
324
28148
18750
7337
32100
14149
14700
32596
3700
15705
28051
30406
614
18443
5773
30979
29309
20540
24057
21479
14147
18680
22479
15291
7569
1365
31849
19257
5872
20486
27544
15110
8369
17924
10907
10266
18683
23845
27920
3391
23343
23201
30091
19698
14676
14000
29123
29575
12114
6937
5721
5582
9643
28542
17415
16131
27350
10667
17364
26524
12801
4365
31159
3550
3279
18976
20803
19005
21252
226
5032
3979
17015
29373
1904
3568
28691
13184
1723
25684
7785
9211
2154
21382
13002
20395
26359
24711
1480
23834
15056
22385
